<?xml version="1.0" encoding="UTF-8"?>
<!-- Generated by org.testng.reporters.JUnitReportReporter -->
<testsuite hostname="mars-mini.allies.local" name="AutomationFramework.TestModules" tests="1" failures="0" timestamp="26 Sep 2014 08:00:41 GMT" time="416.578" errors="0">
  <testcase name="testBrowserUpload" time="416.578" classname="AutomationFramework.TestModules"/>
</testsuite> <!-- AutomationFramework.TestModules -->
