<?xml version="1.0" encoding="UTF-8"?>
<!-- Generated by org.testng.reporters.JUnitReportReporter -->
<testsuite hostname="mars-mini.allies.local" name="AutomationFramework.TestStagingModules" tests="1" failures="0" timestamp="29 Sep 2014 10:26:03 GMT" time="430.665" errors="0">
  <testcase name="testBrowserUpload" time="430.665" classname="AutomationFramework.TestStagingModules"/>
</testsuite> <!-- AutomationFramework.TestStagingModules -->
